<?xml version="1.0" encoding="UTF-8"?>
<testsuites name="Go to gg" time="8.464" tests="1" failures="0" errors="0">
   <testsuite name="Go to gg" tests="1" failures="0" errors="0" time="8.464" skipped="0" timestamp="2022-04-12 17:27:10" hostname="quan.trinh - GF0X2D3" id="Test Suites/Go to gg">
      <properties>
         <property name="deviceName" value=""/>
         <property name="devicePlatform" value=""/>
         <property name="logFolder" value="C:\\Users\\quan.trinh\\git\\Testing-with-changes-in-Github\\Reports\\20220412_172707\\Go to gg\\20220412_172707"/>
         <property name="logFiles" value="C:\\Users\\quan.trinh\\git\\Testing-with-changes-in-Github\\Reports\\20220412_172707\\Go to gg\\20220412_172707\\execution0.log"/>
         <property name="attachments" value=""/>
         <property name="hostName" value="quan.trinh - GF0X2D3"/>
         <property name="os" value="Windows 10 64bit"/>
         <property name="katalonVersion" value="8.2.5.208"/>
         <property name="browser" value="Chrome 100.0.4896.75"/>
         <property name="hostAddress" value="192.168.0.101"/>
         <property name="sessionId" value="f63c24fae94a663e793acfc9f43dccc2"/>
         <property name="seleniumVersion" value="3.141.59"/>
         <property name="proxyInformation" value="ProxyInformation { proxyOption=NO_PROXY, proxyServerType=HTTP, username=, password=********, proxyServerAddress=, proxyServerPort=0, executionList=&quot;&quot;, isApplyToDesiredCapabilities=true }"/>
         <property name="platform" value="Windows 10"/>
      </properties>
      <testcase name="Test Cases/Go to google" time="8.256" classname="Test Cases/Go to google" status="PASSED">
         <system-out><![CDATA[2022-04-12 17:27:10 - [TEST_CASE][PASSED] - Test Cases/Go to google: Test Cases/Go to google

2022-04-12 17:27:10 - [TEST_STEP][PASSED] - openBrowser(""): Browser is opened with url: ''

2022-04-12 17:27:11 - [MESSAGE][INFO] - Starting 'Chrome (headless)' driver

2022-04-12 17:27:11 - [MESSAGE][INFO] - Action delay is set to 0 milliseconds

2022-04-12 17:27:13 - [MESSAGE][PASSED] - Browser is opened with url: ''

2022-04-12 17:27:13 - [TEST_STEP][PASSED] - navigateToUrl("https://www.google.com/?gws_rd=ssl"): Navigate to 'https://www.google.com/?gws_rd=ssl' successfully

2022-04-12 17:27:16 - [MESSAGE][PASSED] - Navigate to 'https://www.google.com/?gws_rd=ssl' successfully

2022-04-12 17:27:16 - [TEST_STEP][PASSED] - setText(findTestObject("Object Repository/Page_Google/input__q"), "katalon"): Text 'katalon' is set on object 'Object Repository/Page_Google/input__q'

2022-04-12 17:27:16 - [MESSAGE][PASSED] - Text 'katalon' is set on object 'Object Repository/Page_Google/input__q'

2022-04-12 17:27:16 - [TEST_STEP][PASSED] - sendKeys(findTestObject("Object Repository/Page_Google/input__q"), Keys.chord(ENTER)): Keys 'ENTER + ' sent to object: 'Object Repository/Page_Google/input__q'

2022-04-12 17:27:18 - [MESSAGE][PASSED] - Keys 'ENTER + ' sent to object: 'Object Repository/Page_Google/input__q']]></system-out>
         <system-err><![CDATA[]]></system-err>
      </testcase>
      <system-out><![CDATA[2022-04-12 17:27:10 - [TEST_SUITE][PASSED] - Go to gg: Test Cases/Go to google]]></system-out>
      <system-err><![CDATA[]]></system-err>
   </testsuite>
</testsuites>
